10:02:37.152 logback [main] INFO  com.xiaoyuanpe.XiaoyuanpeApplication - Starting XiaoyuanpeApplication on DESKTOP-9DFQI7H with PID 14148 (D:\java\xiaoyuanpe\target\classes started by lxl in D:\java\xiaoyuanpe)
10:02:37.171 logback [main] INFO  com.xiaoyuanpe.XiaoyuanpeApplication - No active profile set, falling back to default profiles: default
10:02:39.818 logback [main] INFO  o.s.b.w.e.tomcat.TomcatWebServer - Tomcat initialized with port(s): 8080 (http)
10:02:39.835 logback [main] INFO  o.a.coyote.http11.Http11NioProtocol - Initializing ProtocolHandler ["http-nio-8080"]
10:02:39.844 logback [main] INFO  o.a.catalina.core.StandardService - Starting service [Tomcat]
10:02:39.844 logback [main] INFO  o.a.catalina.core.StandardEngine - Starting Servlet engine: [Apache Tomcat/9.0.34]
10:02:39.997 logback [main] INFO  o.a.c.c.C.[Tomcat].[localhost].[/] - Initializing Spring embedded WebApplicationContext
10:02:39.998 logback [main] INFO  o.s.web.context.ContextLoader - Root WebApplicationContext: initialization completed in 2289 ms
10:02:43.567 logback [main] INFO  o.s.s.c.ThreadPoolTaskExecutor - Initializing ExecutorService 'applicationTaskExecutor'
10:02:43.888 logback [main] WARN  o.s.b.a.f.FreeMarkerAutoConfiguration - Cannot find template location(s): [classpath:/templates/] (please add some templates, check your FreeMarker configuration, or set spring.freemarker.checkTemplateLocation=false)
10:02:44.078 logback [main] INFO  o.a.coyote.http11.Http11NioProtocol - Starting ProtocolHandler ["http-nio-8080"]
10:02:44.121 logback [main] INFO  o.s.b.w.e.tomcat.TomcatWebServer - Tomcat started on port(s): 8080 (http) with context path ''
10:02:44.125 logback [main] INFO  com.xiaoyuanpe.XiaoyuanpeApplication - Started XiaoyuanpeApplication in 8.982 seconds (JVM running for 13.963)
10:07:29.554 logback [http-nio-8080-exec-1] INFO  o.a.c.c.C.[Tomcat].[localhost].[/] - Initializing Spring DispatcherServlet 'dispatcherServlet'
10:07:29.554 logback [http-nio-8080-exec-1] INFO  o.s.web.servlet.DispatcherServlet - Initializing Servlet 'dispatcherServlet'
10:07:29.566 logback [http-nio-8080-exec-1] INFO  o.s.web.servlet.DispatcherServlet - Completed initialization in 12 ms
10:07:29.681 logback [http-nio-8080-exec-1] ERROR o.a.c.c.C.[Tomcat].[localhost] - Exception Processing ErrorPage[errorCode=0, location=/error]
java.lang.NoSuchMethodError: javax.servlet.http.HttpServletRequest.getHttpServletMapping()Ljavax/servlet/http/HttpServletMapping;
	at org.apache.catalina.core.ApplicationHttpRequest.setRequest(ApplicationHttpRequest.java:708)
	at org.apache.catalina.core.ApplicationHttpRequest.<init>(ApplicationHttpRequest.java:114)
	at org.apache.catalina.core.ApplicationDispatcher.wrapRequest(ApplicationDispatcher.java:917)
	at org.apache.catalina.core.ApplicationDispatcher.doForward(ApplicationDispatcher.java:358)
	at org.apache.catalina.core.ApplicationDispatcher.forward(ApplicationDispatcher.java:312)
	at org.apache.catalina.core.StandardHostValve.custom(StandardHostValve.java:394)
	at org.apache.catalina.core.StandardHostValve.status(StandardHostValve.java:253)
	at org.apache.catalina.core.StandardHostValve.invoke(StandardHostValve.java:175)
	at org.apache.catalina.valves.ErrorReportValve.invoke(ErrorReportValve.java:92)
	at org.apache.catalina.core.StandardEngineValve.invoke(StandardEngineValve.java:74)
	at org.apache.catalina.connector.CoyoteAdapter.service(CoyoteAdapter.java:343)
	at org.apache.coyote.http11.Http11Processor.service(Http11Processor.java:373)
	at org.apache.coyote.AbstractProcessorLight.process(AbstractProcessorLight.java:65)
	at org.apache.coyote.AbstractProtocol$ConnectionHandler.process(AbstractProtocol.java:868)
	at org.apache.tomcat.util.net.NioEndpoint$SocketProcessor.doRun(NioEndpoint.java:1590)
	at org.apache.tomcat.util.net.SocketProcessorBase.run(SocketProcessorBase.java:49)
	at java.util.concurrent.ThreadPoolExecutor.runWorker(ThreadPoolExecutor.java:1149)
	at java.util.concurrent.ThreadPoolExecutor$Worker.run(ThreadPoolExecutor.java:624)
	at org.apache.tomcat.util.threads.TaskThread$WrappingRunnable.run(TaskThread.java:61)
	at java.lang.Thread.run(Thread.java:748)
10:07:30.494 logback [http-nio-8080-exec-2] ERROR o.a.c.c.C.[Tomcat].[localhost] - Exception Processing ErrorPage[errorCode=0, location=/error]
java.lang.NoSuchMethodError: javax.servlet.http.HttpServletRequest.getHttpServletMapping()Ljavax/servlet/http/HttpServletMapping;
	at org.apache.catalina.core.ApplicationHttpRequest.setRequest(ApplicationHttpRequest.java:708)
	at org.apache.catalina.core.ApplicationHttpRequest.<init>(ApplicationHttpRequest.java:114)
	at org.apache.catalina.core.ApplicationDispatcher.wrapRequest(ApplicationDispatcher.java:917)
	at org.apache.catalina.core.ApplicationDispatcher.doForward(ApplicationDispatcher.java:358)
	at org.apache.catalina.core.ApplicationDispatcher.forward(ApplicationDispatcher.java:312)
	at org.apache.catalina.core.StandardHostValve.custom(StandardHostValve.java:394)
	at org.apache.catalina.core.StandardHostValve.status(StandardHostValve.java:253)
	at org.apache.catalina.core.StandardHostValve.invoke(StandardHostValve.java:175)
	at org.apache.catalina.valves.ErrorReportValve.invoke(ErrorReportValve.java:92)
	at org.apache.catalina.core.StandardEngineValve.invoke(StandardEngineValve.java:74)
	at org.apache.catalina.connector.CoyoteAdapter.service(CoyoteAdapter.java:343)
	at org.apache.coyote.http11.Http11Processor.service(Http11Processor.java:373)
	at org.apache.coyote.AbstractProcessorLight.process(AbstractProcessorLight.java:65)
	at org.apache.coyote.AbstractProtocol$ConnectionHandler.process(AbstractProtocol.java:868)
	at org.apache.tomcat.util.net.NioEndpoint$SocketProcessor.doRun(NioEndpoint.java:1590)
	at org.apache.tomcat.util.net.SocketProcessorBase.run(SocketProcessorBase.java:49)
	at java.util.concurrent.ThreadPoolExecutor.runWorker(ThreadPoolExecutor.java:1149)
	at java.util.concurrent.ThreadPoolExecutor$Worker.run(ThreadPoolExecutor.java:624)
	at org.apache.tomcat.util.threads.TaskThread$WrappingRunnable.run(TaskThread.java:61)
	at java.lang.Thread.run(Thread.java:748)
10:35:48.332 logback [main] INFO  com.xiaoyuanpe.XiaoyuanpeApplication - Starting XiaoyuanpeApplication on DESKTOP-9DFQI7H with PID 15272 (D:\java\xiaoyuanpe\target\classes started by lxl in D:\java\xiaoyuanpe)
10:35:48.345 logback [main] INFO  com.xiaoyuanpe.XiaoyuanpeApplication - No active profile set, falling back to default profiles: default
10:35:51.003 logback [main] INFO  o.s.b.w.e.tomcat.TomcatWebServer - Tomcat initialized with port(s): 8080 (http)
10:35:51.022 logback [main] INFO  o.a.coyote.http11.Http11NioProtocol - Initializing ProtocolHandler ["http-nio-8080"]
10:35:51.023 logback [main] INFO  o.a.catalina.core.StandardService - Starting service [Tomcat]
10:35:51.023 logback [main] INFO  o.a.catalina.core.StandardEngine - Starting Servlet engine: [Apache Tomcat/9.0.34]
10:35:51.225 logback [main] INFO  o.a.c.c.C.[Tomcat].[localhost].[/] - Initializing Spring embedded WebApplicationContext
10:35:51.226 logback [main] INFO  o.s.web.context.ContextLoader - Root WebApplicationContext: initialization completed in 2418 ms
10:35:55.107 logback [main] INFO  o.s.s.c.ThreadPoolTaskExecutor - Initializing ExecutorService 'applicationTaskExecutor'
10:35:55.422 logback [main] WARN  o.s.b.a.f.FreeMarkerAutoConfiguration - Cannot find template location(s): [classpath:/templates/] (please add some templates, check your FreeMarker configuration, or set spring.freemarker.checkTemplateLocation=false)
10:35:55.707 logback [main] INFO  o.a.coyote.http11.Http11NioProtocol - Starting ProtocolHandler ["http-nio-8080"]
10:35:55.761 logback [main] INFO  o.s.b.w.e.tomcat.TomcatWebServer - Tomcat started on port(s): 8080 (http) with context path ''
10:35:55.769 logback [main] INFO  com.xiaoyuanpe.XiaoyuanpeApplication - Started XiaoyuanpeApplication in 9.11 seconds (JVM running for 13.449)
10:36:30.491 logback [main] INFO  com.xiaoyuanpe.XiaoyuanpeApplication - Starting XiaoyuanpeApplication on DESKTOP-9DFQI7H with PID 12176 (D:\java\xiaoyuanpe\target\classes started by lxl in D:\java\xiaoyuanpe)
10:36:30.497 logback [main] INFO  com.xiaoyuanpe.XiaoyuanpeApplication - No active profile set, falling back to default profiles: default
10:36:33.417 logback [main] INFO  o.s.b.w.e.tomcat.TomcatWebServer - Tomcat initialized with port(s): 8080 (http)
10:36:33.433 logback [main] INFO  o.a.coyote.http11.Http11NioProtocol - Initializing ProtocolHandler ["http-nio-8080"]
10:36:33.435 logback [main] INFO  o.a.catalina.core.StandardService - Starting service [Tomcat]
10:36:33.435 logback [main] INFO  o.a.catalina.core.StandardEngine - Starting Servlet engine: [Apache Tomcat/9.0.34]
10:36:33.602 logback [main] INFO  o.a.c.c.C.[Tomcat].[localhost].[/] - Initializing Spring embedded WebApplicationContext
10:36:33.602 logback [main] INFO  o.s.web.context.ContextLoader - Root WebApplicationContext: initialization completed in 2885 ms
10:36:37.134 logback [main] INFO  o.s.s.c.ThreadPoolTaskExecutor - Initializing ExecutorService 'applicationTaskExecutor'
10:36:37.536 logback [main] WARN  o.s.b.a.f.FreeMarkerAutoConfiguration - Cannot find template location(s): [classpath:/templates/] (please add some templates, check your FreeMarker configuration, or set spring.freemarker.checkTemplateLocation=false)
10:36:37.724 logback [main] INFO  o.a.coyote.http11.Http11NioProtocol - Starting ProtocolHandler ["http-nio-8080"]
10:36:37.767 logback [main] INFO  o.s.b.w.e.tomcat.TomcatWebServer - Tomcat started on port(s): 8080 (http) with context path ''
10:36:37.774 logback [main] INFO  com.xiaoyuanpe.XiaoyuanpeApplication - Started XiaoyuanpeApplication in 8.825 seconds (JVM running for 12.935)
10:36:48.336 logback [http-nio-8080-exec-1] INFO  o.a.c.c.C.[Tomcat].[localhost].[/] - Initializing Spring DispatcherServlet 'dispatcherServlet'
10:36:48.336 logback [http-nio-8080-exec-1] INFO  o.s.web.servlet.DispatcherServlet - Initializing Servlet 'dispatcherServlet'
10:36:48.354 logback [http-nio-8080-exec-1] INFO  o.s.web.servlet.DispatcherServlet - Completed initialization in 18 ms
10:36:48.401 logback [http-nio-8080-exec-1] ERROR o.a.c.c.C.[Tomcat].[localhost] - Exception Processing ErrorPage[errorCode=0, location=/error]
java.lang.NoSuchMethodError: javax.servlet.http.HttpServletRequest.getHttpServletMapping()Ljavax/servlet/http/HttpServletMapping;
	at org.apache.catalina.core.ApplicationHttpRequest.setRequest(ApplicationHttpRequest.java:708)
	at org.apache.catalina.core.ApplicationHttpRequest.<init>(ApplicationHttpRequest.java:114)
	at org.apache.catalina.core.ApplicationDispatcher.wrapRequest(ApplicationDispatcher.java:917)
	at org.apache.catalina.core.ApplicationDispatcher.doForward(ApplicationDispatcher.java:358)
	at org.apache.catalina.core.ApplicationDispatcher.forward(ApplicationDispatcher.java:312)
	at org.apache.catalina.core.StandardHostValve.custom(StandardHostValve.java:394)
	at org.apache.catalina.core.StandardHostValve.status(StandardHostValve.java:253)
	at org.apache.catalina.core.StandardHostValve.invoke(StandardHostValve.java:175)
	at org.apache.catalina.valves.ErrorReportValve.invoke(ErrorReportValve.java:92)
	at org.apache.catalina.core.StandardEngineValve.invoke(StandardEngineValve.java:74)
	at org.apache.catalina.connector.CoyoteAdapter.service(CoyoteAdapter.java:343)
	at org.apache.coyote.http11.Http11Processor.service(Http11Processor.java:373)
	at org.apache.coyote.AbstractProcessorLight.process(AbstractProcessorLight.java:65)
	at org.apache.coyote.AbstractProtocol$ConnectionHandler.process(AbstractProtocol.java:868)
	at org.apache.tomcat.util.net.NioEndpoint$SocketProcessor.doRun(NioEndpoint.java:1590)
	at org.apache.tomcat.util.net.SocketProcessorBase.run(SocketProcessorBase.java:49)
	at java.util.concurrent.ThreadPoolExecutor.runWorker(ThreadPoolExecutor.java:1149)
	at java.util.concurrent.ThreadPoolExecutor$Worker.run(ThreadPoolExecutor.java:624)
	at org.apache.tomcat.util.threads.TaskThread$WrappingRunnable.run(TaskThread.java:61)
	at java.lang.Thread.run(Thread.java:748)
10:36:50.606 logback [http-nio-8080-exec-2] ERROR o.a.c.c.C.[Tomcat].[localhost] - Exception Processing ErrorPage[errorCode=0, location=/error]
java.lang.NoSuchMethodError: javax.servlet.http.HttpServletRequest.getHttpServletMapping()Ljavax/servlet/http/HttpServletMapping;
	at org.apache.catalina.core.ApplicationHttpRequest.setRequest(ApplicationHttpRequest.java:708)
	at org.apache.catalina.core.ApplicationHttpRequest.<init>(ApplicationHttpRequest.java:114)
	at org.apache.catalina.core.ApplicationDispatcher.wrapRequest(ApplicationDispatcher.java:917)
	at org.apache.catalina.core.ApplicationDispatcher.doForward(ApplicationDispatcher.java:358)
	at org.apache.catalina.core.ApplicationDispatcher.forward(ApplicationDispatcher.java:312)
	at org.apache.catalina.core.StandardHostValve.custom(StandardHostValve.java:394)
	at org.apache.catalina.core.StandardHostValve.status(StandardHostValve.java:253)
	at org.apache.catalina.core.StandardHostValve.invoke(StandardHostValve.java:175)
	at org.apache.catalina.valves.ErrorReportValve.invoke(ErrorReportValve.java:92)
	at org.apache.catalina.core.StandardEngineValve.invoke(StandardEngineValve.java:74)
	at org.apache.catalina.connector.CoyoteAdapter.service(CoyoteAdapter.java:343)
	at org.apache.coyote.http11.Http11Processor.service(Http11Processor.java:373)
	at org.apache.coyote.AbstractProcessorLight.process(AbstractProcessorLight.java:65)
	at org.apache.coyote.AbstractProtocol$ConnectionHandler.process(AbstractProtocol.java:868)
	at org.apache.tomcat.util.net.NioEndpoint$SocketProcessor.doRun(NioEndpoint.java:1590)
	at org.apache.tomcat.util.net.SocketProcessorBase.run(SocketProcessorBase.java:49)
	at java.util.concurrent.ThreadPoolExecutor.runWorker(ThreadPoolExecutor.java:1149)
	at java.util.concurrent.ThreadPoolExecutor$Worker.run(ThreadPoolExecutor.java:624)
	at org.apache.tomcat.util.threads.TaskThread$WrappingRunnable.run(TaskThread.java:61)
	at java.lang.Thread.run(Thread.java:748)
10:51:05.757 logback [main] INFO  com.xiaoyuanpe.XiaoyuanpeApplication - Starting XiaoyuanpeApplication on DESKTOP-9DFQI7H with PID 11360 (D:\java\xiaoyuanpe\target\classes started by lxl in D:\java\xiaoyuanpe)
10:51:05.774 logback [main] INFO  com.xiaoyuanpe.XiaoyuanpeApplication - No active profile set, falling back to default profiles: default
10:51:08.678 logback [main] INFO  o.s.b.w.e.tomcat.TomcatWebServer - Tomcat initialized with port(s): 8080 (http)
10:51:08.688 logback [main] INFO  o.a.coyote.http11.Http11NioProtocol - Initializing ProtocolHandler ["http-nio-8080"]
10:51:08.688 logback [main] INFO  o.a.catalina.core.StandardService - Starting service [Tomcat]
10:51:08.688 logback [main] INFO  o.a.catalina.core.StandardEngine - Starting Servlet engine: [Apache Tomcat/9.0.34]
10:51:08.912 logback [main] INFO  o.a.c.c.C.[Tomcat].[localhost].[/] - Initializing Spring embedded WebApplicationContext
10:51:08.912 logback [main] INFO  o.s.web.context.ContextLoader - Root WebApplicationContext: initialization completed in 2896 ms
10:51:12.537 logback [main] INFO  o.s.s.c.ThreadPoolTaskExecutor - Initializing ExecutorService 'applicationTaskExecutor'
10:51:12.850 logback [main] WARN  o.s.b.a.f.FreeMarkerAutoConfiguration - Cannot find template location(s): [classpath:/templates/] (please add some templates, check your FreeMarker configuration, or set spring.freemarker.checkTemplateLocation=false)
10:51:13.072 logback [main] INFO  o.a.coyote.http11.Http11NioProtocol - Starting ProtocolHandler ["http-nio-8080"]
10:51:13.123 logback [main] INFO  o.s.b.w.e.tomcat.TomcatWebServer - Tomcat started on port(s): 8080 (http) with context path ''
10:51:13.130 logback [main] INFO  com.xiaoyuanpe.XiaoyuanpeApplication - Started XiaoyuanpeApplication in 9.046 seconds (JVM running for 13.659)
10:51:42.754 logback [http-nio-8080-exec-1] INFO  o.a.c.c.C.[Tomcat].[localhost].[/] - Initializing Spring DispatcherServlet 'dispatcherServlet'
10:51:42.754 logback [http-nio-8080-exec-1] INFO  o.s.web.servlet.DispatcherServlet - Initializing Servlet 'dispatcherServlet'
10:51:42.772 logback [http-nio-8080-exec-1] INFO  o.s.web.servlet.DispatcherServlet - Completed initialization in 17 ms
10:51:42.829 logback [http-nio-8080-exec-1] ERROR o.a.c.c.C.[Tomcat].[localhost] - Exception Processing ErrorPage[errorCode=0, location=/error]
java.lang.NoSuchMethodError: javax.servlet.http.HttpServletRequest.getHttpServletMapping()Ljavax/servlet/http/HttpServletMapping;
	at org.apache.catalina.core.ApplicationHttpRequest.setRequest(ApplicationHttpRequest.java:708)
	at org.apache.catalina.core.ApplicationHttpRequest.<init>(ApplicationHttpRequest.java:114)
	at org.apache.catalina.core.ApplicationDispatcher.wrapRequest(ApplicationDispatcher.java:917)
	at org.apache.catalina.core.ApplicationDispatcher.doForward(ApplicationDispatcher.java:358)
	at org.apache.catalina.core.ApplicationDispatcher.forward(ApplicationDispatcher.java:312)
	at org.apache.catalina.core.StandardHostValve.custom(StandardHostValve.java:394)
	at org.apache.catalina.core.StandardHostValve.status(StandardHostValve.java:253)
	at org.apache.catalina.core.StandardHostValve.invoke(StandardHostValve.java:175)
	at org.apache.catalina.valves.ErrorReportValve.invoke(ErrorReportValve.java:92)
	at org.apache.catalina.core.StandardEngineValve.invoke(StandardEngineValve.java:74)
	at org.apache.catalina.connector.CoyoteAdapter.service(CoyoteAdapter.java:343)
	at org.apache.coyote.http11.Http11Processor.service(Http11Processor.java:373)
	at org.apache.coyote.AbstractProcessorLight.process(AbstractProcessorLight.java:65)
	at org.apache.coyote.AbstractProtocol$ConnectionHandler.process(AbstractProtocol.java:868)
	at org.apache.tomcat.util.net.NioEndpoint$SocketProcessor.doRun(NioEndpoint.java:1590)
	at org.apache.tomcat.util.net.SocketProcessorBase.run(SocketProcessorBase.java:49)
	at java.util.concurrent.ThreadPoolExecutor.runWorker(ThreadPoolExecutor.java:1149)
	at java.util.concurrent.ThreadPoolExecutor$Worker.run(ThreadPoolExecutor.java:624)
	at org.apache.tomcat.util.threads.TaskThread$WrappingRunnable.run(TaskThread.java:61)
	at java.lang.Thread.run(Thread.java:748)
10:51:45.076 logback [http-nio-8080-exec-3] ERROR o.a.c.c.C.[Tomcat].[localhost] - Exception Processing ErrorPage[errorCode=0, location=/error]
java.lang.NoSuchMethodError: javax.servlet.http.HttpServletRequest.getHttpServletMapping()Ljavax/servlet/http/HttpServletMapping;
	at org.apache.catalina.core.ApplicationHttpRequest.setRequest(ApplicationHttpRequest.java:708)
	at org.apache.catalina.core.ApplicationHttpRequest.<init>(ApplicationHttpRequest.java:114)
	at org.apache.catalina.core.ApplicationDispatcher.wrapRequest(ApplicationDispatcher.java:917)
	at org.apache.catalina.core.ApplicationDispatcher.doForward(ApplicationDispatcher.java:358)
	at org.apache.catalina.core.ApplicationDispatcher.forward(ApplicationDispatcher.java:312)
	at org.apache.catalina.core.StandardHostValve.custom(StandardHostValve.java:394)
	at org.apache.catalina.core.StandardHostValve.status(StandardHostValve.java:253)
	at org.apache.catalina.core.StandardHostValve.invoke(StandardHostValve.java:175)
	at org.apache.catalina.valves.ErrorReportValve.invoke(ErrorReportValve.java:92)
	at org.apache.catalina.core.StandardEngineValve.invoke(StandardEngineValve.java:74)
	at org.apache.catalina.connector.CoyoteAdapter.service(CoyoteAdapter.java:343)
	at org.apache.coyote.http11.Http11Processor.service(Http11Processor.java:373)
	at org.apache.coyote.AbstractProcessorLight.process(AbstractProcessorLight.java:65)
	at org.apache.coyote.AbstractProtocol$ConnectionHandler.process(AbstractProtocol.java:868)
	at org.apache.tomcat.util.net.NioEndpoint$SocketProcessor.doRun(NioEndpoint.java:1590)
	at org.apache.tomcat.util.net.SocketProcessorBase.run(SocketProcessorBase.java:49)
	at java.util.concurrent.ThreadPoolExecutor.runWorker(ThreadPoolExecutor.java:1149)
	at java.util.concurrent.ThreadPoolExecutor$Worker.run(ThreadPoolExecutor.java:624)
	at org.apache.tomcat.util.threads.TaskThread$WrappingRunnable.run(TaskThread.java:61)
	at java.lang.Thread.run(Thread.java:748)
10:52:17.456 logback [main] INFO  com.xiaoyuanpe.XiaoyuanpeApplication - Starting XiaoyuanpeApplication on DESKTOP-9DFQI7H with PID 7896 (D:\java\xiaoyuanpe\target\classes started by lxl in D:\java\xiaoyuanpe)
10:52:17.462 logback [main] INFO  com.xiaoyuanpe.XiaoyuanpeApplication - No active profile set, falling back to default profiles: default
10:52:20.748 logback [main] INFO  o.s.b.w.e.tomcat.TomcatWebServer - Tomcat initialized with port(s): 8080 (http)
10:52:20.758 logback [main] INFO  o.a.coyote.http11.Http11NioProtocol - Initializing ProtocolHandler ["http-nio-8080"]
10:52:20.758 logback [main] INFO  o.a.catalina.core.StandardService - Starting service [Tomcat]
10:52:20.759 logback [main] INFO  o.a.catalina.core.StandardEngine - Starting Servlet engine: [Apache Tomcat/9.0.34]
10:52:20.919 logback [main] INFO  o.a.c.c.C.[Tomcat].[localhost].[/] - Initializing Spring embedded WebApplicationContext
10:52:20.920 logback [main] INFO  o.s.web.context.ContextLoader - Root WebApplicationContext: initialization completed in 3197 ms
10:52:24.603 logback [main] INFO  o.s.s.c.ThreadPoolTaskExecutor - Initializing ExecutorService 'applicationTaskExecutor'
10:52:24.978 logback [main] WARN  o.s.b.a.f.FreeMarkerAutoConfiguration - Cannot find template location(s): [classpath:/templates/] (please add some templates, check your FreeMarker configuration, or set spring.freemarker.checkTemplateLocation=false)
10:52:25.171 logback [main] INFO  o.a.coyote.http11.Http11NioProtocol - Starting ProtocolHandler ["http-nio-8080"]
10:52:25.210 logback [main] INFO  o.s.b.w.e.tomcat.TomcatWebServer - Tomcat started on port(s): 8080 (http) with context path ''
10:52:25.215 logback [main] INFO  com.xiaoyuanpe.XiaoyuanpeApplication - Started XiaoyuanpeApplication in 9.442 seconds (JVM running for 13.651)
10:52:37.521 logback [http-nio-8080-exec-1] INFO  o.a.c.c.C.[Tomcat].[localhost].[/] - Initializing Spring DispatcherServlet 'dispatcherServlet'
10:52:37.521 logback [http-nio-8080-exec-1] INFO  o.s.web.servlet.DispatcherServlet - Initializing Servlet 'dispatcherServlet'
10:52:37.535 logback [http-nio-8080-exec-1] INFO  o.s.web.servlet.DispatcherServlet - Completed initialization in 14 ms
10:52:37.570 logback [http-nio-8080-exec-1] ERROR o.a.c.c.C.[Tomcat].[localhost] - Exception Processing ErrorPage[errorCode=0, location=/error]
java.lang.NoSuchMethodError: javax.servlet.http.HttpServletRequest.getHttpServletMapping()Ljavax/servlet/http/HttpServletMapping;
	at org.apache.catalina.core.ApplicationHttpRequest.setRequest(ApplicationHttpRequest.java:708)
	at org.apache.catalina.core.ApplicationHttpRequest.<init>(ApplicationHttpRequest.java:114)
	at org.apache.catalina.core.ApplicationDispatcher.wrapRequest(ApplicationDispatcher.java:917)
	at org.apache.catalina.core.ApplicationDispatcher.doForward(ApplicationDispatcher.java:358)
	at org.apache.catalina.core.ApplicationDispatcher.forward(ApplicationDispatcher.java:312)
	at org.apache.catalina.core.StandardHostValve.custom(StandardHostValve.java:394)
	at org.apache.catalina.core.StandardHostValve.status(StandardHostValve.java:253)
	at org.apache.catalina.core.StandardHostValve.invoke(StandardHostValve.java:175)
	at org.apache.catalina.valves.ErrorReportValve.invoke(ErrorReportValve.java:92)
	at org.apache.catalina.core.StandardEngineValve.invoke(StandardEngineValve.java:74)
	at org.apache.catalina.connector.CoyoteAdapter.service(CoyoteAdapter.java:343)
	at org.apache.coyote.http11.Http11Processor.service(Http11Processor.java:373)
	at org.apache.coyote.AbstractProcessorLight.process(AbstractProcessorLight.java:65)
	at org.apache.coyote.AbstractProtocol$ConnectionHandler.process(AbstractProtocol.java:868)
	at org.apache.tomcat.util.net.NioEndpoint$SocketProcessor.doRun(NioEndpoint.java:1590)
	at org.apache.tomcat.util.net.SocketProcessorBase.run(SocketProcessorBase.java:49)
	at java.util.concurrent.ThreadPoolExecutor.runWorker(ThreadPoolExecutor.java:1149)
	at java.util.concurrent.ThreadPoolExecutor$Worker.run(ThreadPoolExecutor.java:624)
	at org.apache.tomcat.util.threads.TaskThread$WrappingRunnable.run(TaskThread.java:61)
	at java.lang.Thread.run(Thread.java:748)
10:52:43.708 logback [http-nio-8080-exec-2] INFO  c.alibaba.druid.pool.DruidDataSource - {dataSource-1} inited
10:57:25.123 logback [main] INFO  com.xiaoyuanpe.XiaoyuanpeApplication - Starting XiaoyuanpeApplication on DESKTOP-9DFQI7H with PID 17108 (D:\java\xiaoyuanpe\target\classes started by lxl in D:\java\xiaoyuanpe)
10:57:25.133 logback [main] INFO  com.xiaoyuanpe.XiaoyuanpeApplication - No active profile set, falling back to default profiles: default
10:57:27.631 logback [main] INFO  o.s.b.w.e.tomcat.TomcatWebServer - Tomcat initialized with port(s): 8080 (http)
10:57:27.648 logback [main] INFO  o.a.coyote.http11.Http11NioProtocol - Initializing ProtocolHandler ["http-nio-8080"]
10:57:27.649 logback [main] INFO  o.a.catalina.core.StandardService - Starting service [Tomcat]
10:57:27.650 logback [main] INFO  o.a.catalina.core.StandardEngine - Starting Servlet engine: [Apache Tomcat/9.0.34]
10:57:27.811 logback [main] INFO  o.a.c.c.C.[Tomcat].[localhost].[/] - Initializing Spring embedded WebApplicationContext
10:57:27.812 logback [main] INFO  o.s.web.context.ContextLoader - Root WebApplicationContext: initialization completed in 2438 ms
10:57:31.681 logback [main] INFO  o.s.s.c.ThreadPoolTaskExecutor - Initializing ExecutorService 'applicationTaskExecutor'
10:57:32.058 logback [main] WARN  o.s.b.a.f.FreeMarkerAutoConfiguration - Cannot find template location(s): [classpath:/templates/] (please add some templates, check your FreeMarker configuration, or set spring.freemarker.checkTemplateLocation=false)
10:57:32.299 logback [main] INFO  o.a.coyote.http11.Http11NioProtocol - Starting ProtocolHandler ["http-nio-8080"]
10:57:32.343 logback [main] INFO  o.s.b.w.e.tomcat.TomcatWebServer - Tomcat started on port(s): 8080 (http) with context path ''
10:57:32.347 logback [main] INFO  com.xiaoyuanpe.XiaoyuanpeApplication - Started XiaoyuanpeApplication in 9.121 seconds (JVM running for 13.513)
10:57:42.181 logback [http-nio-8080-exec-1] INFO  o.a.c.c.C.[Tomcat].[localhost].[/] - Initializing Spring DispatcherServlet 'dispatcherServlet'
10:57:42.182 logback [http-nio-8080-exec-1] INFO  o.s.web.servlet.DispatcherServlet - Initializing Servlet 'dispatcherServlet'
10:57:42.198 logback [http-nio-8080-exec-1] INFO  o.s.web.servlet.DispatcherServlet - Completed initialization in 16 ms
10:57:42.486 logback [http-nio-8080-exec-1] INFO  c.alibaba.druid.pool.DruidDataSource - {dataSource-1} inited
10:59:16.738 logback [main] INFO  com.xiaoyuanpe.XiaoyuanpeApplication - Starting XiaoyuanpeApplication on DESKTOP-9DFQI7H with PID 9208 (D:\java\xiaoyuanpe\target\classes started by lxl in D:\java\xiaoyuanpe)
10:59:16.746 logback [main] INFO  com.xiaoyuanpe.XiaoyuanpeApplication - No active profile set, falling back to default profiles: default
10:59:20.174 logback [main] INFO  o.s.b.w.e.tomcat.TomcatWebServer - Tomcat initialized with port(s): 8080 (http)
10:59:20.185 logback [main] INFO  o.a.coyote.http11.Http11NioProtocol - Initializing ProtocolHandler ["http-nio-8080"]
10:59:20.186 logback [main] INFO  o.a.catalina.core.StandardService - Starting service [Tomcat]
10:59:20.186 logback [main] INFO  o.a.catalina.core.StandardEngine - Starting Servlet engine: [Apache Tomcat/9.0.34]
10:59:20.388 logback [main] INFO  o.a.c.c.C.[Tomcat].[localhost].[/] - Initializing Spring embedded WebApplicationContext
10:59:20.389 logback [main] INFO  o.s.web.context.ContextLoader - Root WebApplicationContext: initialization completed in 3409 ms
10:59:24.142 logback [main] INFO  o.s.s.c.ThreadPoolTaskExecutor - Initializing ExecutorService 'applicationTaskExecutor'
10:59:24.501 logback [main] WARN  o.s.b.a.f.FreeMarkerAutoConfiguration - Cannot find template location(s): [classpath:/templates/] (please add some templates, check your FreeMarker configuration, or set spring.freemarker.checkTemplateLocation=false)
10:59:24.694 logback [main] INFO  o.a.coyote.http11.Http11NioProtocol - Starting ProtocolHandler ["http-nio-8080"]
10:59:24.730 logback [main] INFO  o.s.b.w.e.tomcat.TomcatWebServer - Tomcat started on port(s): 8080 (http) with context path ''
10:59:24.733 logback [main] INFO  com.xiaoyuanpe.XiaoyuanpeApplication - Started XiaoyuanpeApplication in 9.686 seconds (JVM running for 13.834)
10:59:37.873 logback [http-nio-8080-exec-1] INFO  o.a.c.c.C.[Tomcat].[localhost].[/] - Initializing Spring DispatcherServlet 'dispatcherServlet'
10:59:37.874 logback [http-nio-8080-exec-1] INFO  o.s.web.servlet.DispatcherServlet - Initializing Servlet 'dispatcherServlet'
10:59:37.888 logback [http-nio-8080-exec-1] INFO  o.s.web.servlet.DispatcherServlet - Completed initialization in 13 ms
10:59:38.054 logback [http-nio-8080-exec-1] INFO  c.alibaba.druid.pool.DruidDataSource - {dataSource-1} inited
11:10:30.990 logback [main] INFO  com.xiaoyuanpe.XiaoyuanpeApplication - Starting XiaoyuanpeApplication on DESKTOP-9DFQI7H with PID 12944 (D:\java\xiaoyuanpe\target\classes started by lxl in D:\java\xiaoyuanpe)
11:10:30.998 logback [main] INFO  com.xiaoyuanpe.XiaoyuanpeApplication - No active profile set, falling back to default profiles: default
11:10:33.752 logback [main] INFO  o.s.b.w.e.tomcat.TomcatWebServer - Tomcat initialized with port(s): 8080 (http)
11:10:33.768 logback [main] INFO  o.a.coyote.http11.Http11NioProtocol - Initializing ProtocolHandler ["http-nio-8080"]
11:10:33.769 logback [main] INFO  o.a.catalina.core.StandardService - Starting service [Tomcat]
11:10:33.769 logback [main] INFO  o.a.catalina.core.StandardEngine - Starting Servlet engine: [Apache Tomcat/9.0.34]
11:10:33.932 logback [main] INFO  o.a.c.c.C.[Tomcat].[localhost].[/] - Initializing Spring embedded WebApplicationContext
11:10:33.932 logback [main] INFO  o.s.web.context.ContextLoader - Root WebApplicationContext: initialization completed in 2469 ms
11:10:37.740 logback [main] INFO  o.s.s.c.ThreadPoolTaskExecutor - Initializing ExecutorService 'applicationTaskExecutor'
11:10:38.153 logback [main] WARN  o.s.b.a.f.FreeMarkerAutoConfiguration - Cannot find template location(s): [classpath:/templates/] (please add some templates, check your FreeMarker configuration, or set spring.freemarker.checkTemplateLocation=false)
11:10:38.523 logback [main] INFO  o.a.coyote.http11.Http11NioProtocol - Starting ProtocolHandler ["http-nio-8080"]
11:10:38.584 logback [main] INFO  o.s.b.w.e.tomcat.TomcatWebServer - Tomcat started on port(s): 8080 (http) with context path ''
11:10:38.591 logback [main] INFO  com.xiaoyuanpe.XiaoyuanpeApplication - Started XiaoyuanpeApplication in 9.357 seconds (JVM running for 13.805)
11:11:39.934 logback [http-nio-8080-exec-1] INFO  o.a.c.c.C.[Tomcat].[localhost].[/] - Initializing Spring DispatcherServlet 'dispatcherServlet'
11:11:39.934 logback [http-nio-8080-exec-1] INFO  o.s.web.servlet.DispatcherServlet - Initializing Servlet 'dispatcherServlet'
11:11:39.947 logback [http-nio-8080-exec-1] INFO  o.s.web.servlet.DispatcherServlet - Completed initialization in 12 ms
11:11:40.102 logback [http-nio-8080-exec-1] INFO  c.alibaba.druid.pool.DruidDataSource - {dataSource-1} inited
11:12:27.780 logback [main] INFO  com.xiaoyuanpe.XiaoyuanpeApplication - Starting XiaoyuanpeApplication on DESKTOP-9DFQI7H with PID 14052 (D:\java\xiaoyuanpe\target\classes started by lxl in D:\java\xiaoyuanpe)
11:12:27.791 logback [main] INFO  com.xiaoyuanpe.XiaoyuanpeApplication - No active profile set, falling back to default profiles: default
11:12:30.569 logback [main] INFO  o.s.b.w.e.tomcat.TomcatWebServer - Tomcat initialized with port(s): 8080 (http)
11:12:30.579 logback [main] INFO  o.a.coyote.http11.Http11NioProtocol - Initializing ProtocolHandler ["http-nio-8080"]
11:12:30.580 logback [main] INFO  o.a.catalina.core.StandardService - Starting service [Tomcat]
11:12:30.580 logback [main] INFO  o.a.catalina.core.StandardEngine - Starting Servlet engine: [Apache Tomcat/9.0.34]
11:12:30.762 logback [main] INFO  o.a.c.c.C.[Tomcat].[localhost].[/] - Initializing Spring embedded WebApplicationContext
11:12:30.762 logback [main] INFO  o.s.web.context.ContextLoader - Root WebApplicationContext: initialization completed in 2707 ms
11:12:34.431 logback [main] INFO  o.s.s.c.ThreadPoolTaskExecutor - Initializing ExecutorService 'applicationTaskExecutor'
11:12:34.799 logback [main] WARN  o.s.b.a.f.FreeMarkerAutoConfiguration - Cannot find template location(s): [classpath:/templates/] (please add some templates, check your FreeMarker configuration, or set spring.freemarker.checkTemplateLocation=false)
11:12:35.009 logback [main] INFO  o.a.coyote.http11.Http11NioProtocol - Starting ProtocolHandler ["http-nio-8080"]
11:12:35.054 logback [main] INFO  o.s.b.w.e.tomcat.TomcatWebServer - Tomcat started on port(s): 8080 (http) with context path ''
11:12:35.058 logback [main] INFO  com.xiaoyuanpe.XiaoyuanpeApplication - Started XiaoyuanpeApplication in 8.883 seconds (JVM running for 13.264)
11:12:51.472 logback [http-nio-8080-exec-1] INFO  o.a.c.c.C.[Tomcat].[localhost].[/] - Initializing Spring DispatcherServlet 'dispatcherServlet'
11:12:51.472 logback [http-nio-8080-exec-1] INFO  o.s.web.servlet.DispatcherServlet - Initializing Servlet 'dispatcherServlet'
11:12:51.484 logback [http-nio-8080-exec-1] INFO  o.s.web.servlet.DispatcherServlet - Completed initialization in 11 ms
11:12:51.657 logback [http-nio-8080-exec-1] INFO  c.alibaba.druid.pool.DruidDataSource - {dataSource-1} inited
11:23:57.037 logback [main] INFO  com.xiaoyuanpe.XiaoyuanpeApplication - Starting XiaoyuanpeApplication on DESKTOP-9DFQI7H with PID 10232 (D:\java\xiaoyuanpe\target\classes started by lxl in D:\java\xiaoyuanpe)
11:23:57.046 logback [main] INFO  com.xiaoyuanpe.XiaoyuanpeApplication - No active profile set, falling back to default profiles: default
11:23:59.953 logback [main] INFO  o.s.b.w.e.tomcat.TomcatWebServer - Tomcat initialized with port(s): 8080 (http)
11:23:59.965 logback [main] INFO  o.a.coyote.http11.Http11NioProtocol - Initializing ProtocolHandler ["http-nio-8080"]
11:23:59.966 logback [main] INFO  o.a.catalina.core.StandardService - Starting service [Tomcat]
11:23:59.966 logback [main] INFO  o.a.catalina.core.StandardEngine - Starting Servlet engine: [Apache Tomcat/9.0.34]
11:24:00.131 logback [main] INFO  o.a.c.c.C.[Tomcat].[localhost].[/] - Initializing Spring embedded WebApplicationContext
11:24:00.131 logback [main] INFO  o.s.web.context.ContextLoader - Root WebApplicationContext: initialization completed in 2578 ms
11:24:03.852 logback [main] INFO  o.s.s.c.ThreadPoolTaskExecutor - Initializing ExecutorService 'applicationTaskExecutor'
11:24:04.197 logback [main] WARN  o.s.b.a.f.FreeMarkerAutoConfiguration - Cannot find template location(s): [classpath:/templates/] (please add some templates, check your FreeMarker configuration, or set spring.freemarker.checkTemplateLocation=false)
11:24:04.409 logback [main] INFO  o.a.coyote.http11.Http11NioProtocol - Starting ProtocolHandler ["http-nio-8080"]
11:24:04.445 logback [main] INFO  o.s.b.w.e.tomcat.TomcatWebServer - Tomcat started on port(s): 8080 (http) with context path ''
11:24:04.448 logback [main] INFO  com.xiaoyuanpe.XiaoyuanpeApplication - Started XiaoyuanpeApplication in 9.413 seconds (JVM running for 14.962)
11:28:20.430 logback [http-nio-8080-exec-1] INFO  o.a.c.c.C.[Tomcat].[localhost].[/] - Initializing Spring DispatcherServlet 'dispatcherServlet'
11:28:20.430 logback [http-nio-8080-exec-1] INFO  o.s.web.servlet.DispatcherServlet - Initializing Servlet 'dispatcherServlet'
11:28:20.448 logback [http-nio-8080-exec-1] INFO  o.s.web.servlet.DispatcherServlet - Completed initialization in 18 ms
11:28:20.621 logback [http-nio-8080-exec-1] INFO  c.alibaba.druid.pool.DruidDataSource - {dataSource-1} inited
11:31:55.755 logback [main] INFO  com.xiaoyuanpe.XiaoyuanpeApplication - Starting XiaoyuanpeApplication on DESKTOP-9DFQI7H with PID 11936 (D:\java\xiaoyuanpe\target\classes started by lxl in D:\java\xiaoyuanpe)
11:31:55.768 logback [main] INFO  com.xiaoyuanpe.XiaoyuanpeApplication - No active profile set, falling back to default profiles: default
11:31:59.617 logback [main] INFO  o.s.b.w.e.tomcat.TomcatWebServer - Tomcat initialized with port(s): 8080 (http)
11:31:59.635 logback [main] INFO  o.a.coyote.http11.Http11NioProtocol - Initializing ProtocolHandler ["http-nio-8080"]
11:31:59.636 logback [main] INFO  o.a.catalina.core.StandardService - Starting service [Tomcat]
11:31:59.637 logback [main] INFO  o.a.catalina.core.StandardEngine - Starting Servlet engine: [Apache Tomcat/9.0.34]
11:31:59.837 logback [main] INFO  o.a.c.c.C.[Tomcat].[localhost].[/] - Initializing Spring embedded WebApplicationContext
11:31:59.837 logback [main] INFO  o.s.web.context.ContextLoader - Root WebApplicationContext: initialization completed in 3731 ms
11:32:04.033 logback [main] INFO  o.s.s.c.ThreadPoolTaskExecutor - Initializing ExecutorService 'applicationTaskExecutor'
11:32:04.427 logback [main] WARN  o.s.b.a.f.FreeMarkerAutoConfiguration - Cannot find template location(s): [classpath:/templates/] (please add some templates, check your FreeMarker configuration, or set spring.freemarker.checkTemplateLocation=false)
11:32:04.622 logback [main] INFO  o.a.coyote.http11.Http11NioProtocol - Starting ProtocolHandler ["http-nio-8080"]
11:32:04.660 logback [main] INFO  o.s.b.w.e.tomcat.TomcatWebServer - Tomcat started on port(s): 8080 (http) with context path ''
11:32:04.664 logback [main] INFO  com.xiaoyuanpe.XiaoyuanpeApplication - Started XiaoyuanpeApplication in 10.539 seconds (JVM running for 15.803)
11:39:13.295 logback [http-nio-8080-exec-2] INFO  o.a.c.c.C.[Tomcat].[localhost].[/] - Initializing Spring DispatcherServlet 'dispatcherServlet'
11:39:13.295 logback [http-nio-8080-exec-2] INFO  o.s.web.servlet.DispatcherServlet - Initializing Servlet 'dispatcherServlet'
11:39:13.308 logback [http-nio-8080-exec-2] INFO  o.s.web.servlet.DispatcherServlet - Completed initialization in 13 ms
11:39:13.469 logback [http-nio-8080-exec-2] INFO  c.alibaba.druid.pool.DruidDataSource - {dataSource-1} inited
14:56:08.340 logback [main] INFO  com.xiaoyuanpe.XiaoyuanpeApplication - Starting XiaoyuanpeApplication on DESKTOP-9DFQI7H with PID 10772 (D:\java\xiaoyuanpe\target\classes started by lxl in D:\java\xiaoyuanpe)
14:56:08.348 logback [main] INFO  com.xiaoyuanpe.XiaoyuanpeApplication - No active profile set, falling back to default profiles: default
14:56:11.110 logback [main] INFO  o.s.b.w.e.tomcat.TomcatWebServer - Tomcat initialized with port(s): 8080 (http)
14:56:11.120 logback [main] INFO  o.a.coyote.http11.Http11NioProtocol - Initializing ProtocolHandler ["http-nio-8080"]
14:56:11.121 logback [main] INFO  o.a.catalina.core.StandardService - Starting service [Tomcat]
14:56:11.121 logback [main] INFO  o.a.catalina.core.StandardEngine - Starting Servlet engine: [Apache Tomcat/9.0.34]
14:56:11.266 logback [main] INFO  o.a.c.c.C.[Tomcat].[localhost].[/] - Initializing Spring embedded WebApplicationContext
14:56:11.266 logback [main] INFO  o.s.web.context.ContextLoader - Root WebApplicationContext: initialization completed in 2628 ms
14:56:14.286 logback [main] INFO  o.s.s.c.ThreadPoolTaskExecutor - Initializing ExecutorService 'applicationTaskExecutor'
14:56:14.548 logback [main] WARN  o.s.b.a.f.FreeMarkerAutoConfiguration - Cannot find template location(s): [classpath:/templates/] (please add some templates, check your FreeMarker configuration, or set spring.freemarker.checkTemplateLocation=false)
14:56:14.725 logback [main] INFO  o.a.coyote.http11.Http11NioProtocol - Starting ProtocolHandler ["http-nio-8080"]
14:56:14.757 logback [main] INFO  o.s.b.w.e.tomcat.TomcatWebServer - Tomcat started on port(s): 8080 (http) with context path ''
14:56:14.761 logback [main] INFO  com.xiaoyuanpe.XiaoyuanpeApplication - Started XiaoyuanpeApplication in 7.871 seconds (JVM running for 11.246)
14:56:57.796 logback [http-nio-8080-exec-1] INFO  o.a.c.c.C.[Tomcat].[localhost].[/] - Initializing Spring DispatcherServlet 'dispatcherServlet'
14:56:57.797 logback [http-nio-8080-exec-1] INFO  o.s.web.servlet.DispatcherServlet - Initializing Servlet 'dispatcherServlet'
14:56:57.811 logback [http-nio-8080-exec-1] INFO  o.s.web.servlet.DispatcherServlet - Completed initialization in 14 ms
14:56:57.987 logback [http-nio-8080-exec-1] INFO  c.alibaba.druid.pool.DruidDataSource - {dataSource-1} inited
